2026-02-01 22:04:24.073 [INFO] [EVT] Session Started
2026-02-01 22:04:24.073 [INFO] [EVT] Client Connected: ('127.0.0.1', 44608)
2026-02-01 22:04:24.073 [LOG ] [CMD ] GetALS                    | CDB: C4 03 00 00 04 00    | DATA: [Empty]                        -> Status=0
2026-02-01 22:04:24.075 [LOG ] [RES ] GetALS                    | CDB: C4 03 00 00 04 00    | DATA: 00 00 00 00 04 00 40 B7 00 00 00 00 00 00 00 00 ... -> Status=1
2026-02-01 22:04:24.116 [LOG ] [CMD ] GetPcdStatus              | CDB: CE 08 00 00 04 00    | DATA: [Empty]                        -> Status=0
2026-02-01 22:04:24.117 [LOG ] [RES ] GetPcdStatus              | CDB: CE 08 00 00 04 00    | DATA: 00 00 00 00 04 00 40 B7 00 00 00 00 00 00 00 00 ... -> Status=1
2026-02-01 22:04:24.201 [LOG ] [CMD ] GetEsitfStatus            | CDB: CE 02 00 00 04 00    | DATA: [Empty]                        -> Status=0
2026-02-01 22:04:24.203 [LOG ] [RES ] GetEsitfStatus            | CDB: CE 02 00 00 04 00    | DATA: 00 00 00 00 04 00 40 B7 00 00 00 00 00 00 00 00 ... -> Status=1
2026-02-01 22:04:24.285 [LOG ] [CMD ] GetLbgStatus              | CDB: C7 00 00 00 12 00    | DATA: [Empty]                        -> Status=0
2026-02-01 22:04:24.287 [LOG ] [RES ] GetLbgStatus              | CDB: C7 00 00 00 12 00    | DATA: 00 00 00 00 00 00 00 00 00 00 00 00 00 00 00 00 ... -> Status=1
2026-02-01 22:04:24.370 [LOG ] [CMD ] GetBcxStatus              | CDB: CE 0B 00 00 04 00    | DATA: [Empty]                        -> Status=0
2026-02-01 22:04:24.372 [LOG ] [RES ] GetBcxStatus              | CDB: CE 0B 00 00 04 00    | DATA: 00 00 00 00 04 00 40 B7 00 00 00 00 00 00 00 00 ... -> Status=1
2026-02-01 22:04:24.457 [LOG ] [CMD ] GetALS                    | CDB: C4 03 00 00 04 00    | DATA: [Empty]                        -> Status=0
2026-02-01 22:04:24.459 [LOG ] [RES ] GetALS                    | CDB: C4 03 00 00 04 00    | DATA: 00 00 00 00 04 00 40 B7 00 00 00 00 00 00 00 00 ... -> Status=1
2026-02-01 22:04:24.541 [LOG ] [CMD ] GetLbgStatus              | CDB: C7 00 00 00 12 00    | DATA: [Empty]                        -> Status=0
2026-02-01 22:04:24.542 [LOG ] [RES ] GetLbgStatus              | CDB: C7 00 00 00 12 00    | DATA: 00 00 00 00 00 00 00 00 00 00 00 00 00 00 00 00 ... -> Status=1
2026-02-01 22:04:36.238 [LOG ] [CMD ] GetBeamBlank              | CDB: C8 24 00 00 04 00    | DATA: [Empty]                        -> Status=0
2026-02-01 22:04:36.239 [LOG ] [RES ] GetBeamBlank              | CDB: C8 24 00 00 04 00    | DATA: 00 24 00 00 04 00 40 B7 00 00 00 00 00 00 00 00 ... -> Status=1
2026-02-01 22:04:36.280 [LOG ] [CMD ] GetOLWobb                 | CDB: C8 37 00 00 04 00    | DATA: [Empty]                        -> Status=0
2026-02-01 22:04:36.281 [LOG ] [RES ] GetOLWobb                 | CDB: C8 37 00 00 04 00    | DATA: 00 00 00 00 04 00 40 B7 00 00 00 00 00 00 00 00 ... -> Status=1
2026-02-01 22:04:36.366 [LOG ] [CMD ] GetVacStatus              | CDB: C4 01 00 00 04 00    | DATA: [Empty]                        -> Status=0
2026-02-01 22:04:36.367 [LOG ] [RES ] GetVacStatus              | CDB: C4 01 00 00 04 00    | DATA: 00 01 00 00 04 00 40 B7 00 00 00 00 00 00 00 00 ... -> Status=1
2026-02-01 22:04:36.453 [LOG ] [CMD ] GetHTStatus_Alt           | CDB: C6 19 00 00 04 00    | DATA: [Empty]                        -> Status=0
2026-02-01 22:04:36.454 [LOG ] [RES ] GetHTStatus_Alt           | CDB: C6 19 00 00 04 00    | DATA: 00 00 00 00 04 00 40 B7 00 00 00 00 00 00 00 00 ... -> Status=1
2026-02-01 22:04:36.538 [LOG ] [CMD ] GetHTStatus               | CDB: C6 10 00 00 04 00    | DATA: [Empty]                        -> Status=0
2026-02-01 22:04:36.539 [LOG ] [RES ] GetHTStatus               | CDB: C6 10 00 00 04 00    | DATA: 00 00 00 00 04 00 40 B7 00 00 00 00 00 00 00 00 ... -> Status=1
2026-02-01 22:04:36.625 [LOG ] [CMD ] GetDfu                    | CDB: C8 36 00 00 04 00    | DATA: [Empty]                        -> Status=0
2026-02-01 22:04:36.626 [LOG ] [RES ] GetDfu                    | CDB: C8 36 00 00 04 00    | DATA: 00 00 00 00 04 00 40 B7 00 00 00 00 00 00 00 00 ... -> Status=1
2026-02-01 22:04:36.727 [LOG ] [CMD ] GetMag                    | CDB: C8 50 00 00 04 00    | DATA: [Empty]                        -> Status=0
2026-02-01 22:04:36.731 [LOG ] [RES ] GetMag                    | CDB: C8 50 00 00 04 00    | DATA: 00 00 00 00 04 00 40 B7 00 00 00 00 00 00 00 00 ... -> Status=1
2026-02-01 22:04:36.815 [LOG ] [CMD ] GetAccvValue              | CDB: C6 11 00 00 04 00    | DATA: [Empty]                        -> Status=0
2026-02-01 22:04:36.818 [LOG ] [RES ] GetAccvValue              | CDB: C6 11 00 00 04 00    | DATA: 00 11 00 00 04 00 40 B7 00 00 00 00 00 00 00 00 ... -> Status=1
2026-02-01 22:04:36.904 [LOG ] [CMD ] GetWD                     | CDB: C8 38 00 00 04 00    | DATA: [Empty]                        -> Status=0
2026-02-01 22:04:36.907 [LOG ] [RES ] GetWD                     | CDB: C8 38 00 00 04 00    | DATA: 00 38 00 C9 04 00 40 B7 00 00 00 00 00 00 00 00 ... -> Status=1
2026-02-01 22:04:36.993 [LOG ] [CMD ] GetCLEx                   | CDB: C8 30 00 00 04 00    | DATA: [Empty]                        -> Status=0
2026-02-01 22:04:36.995 [LOG ] [RES ] GetCLEx                   | CDB: C8 30 00 00 04 00    | DATA: 00 30 08 00 04 00 40 B7 00 00 00 00 00 00 00 00 ... -> Status=1
2026-02-01 22:04:37.079 [LOG ] [CMD ] GetIMS                    | CDB: C8 82 00 00 04 00    | DATA: [Empty]                        -> Status=0
2026-02-01 22:04:37.083 [LOG ] [RES ] GetIMS                    | CDB: C8 82 00 00 04 00    | DATA: 00 82 00 00 04 00 40 B7 00 00 00 00 00 00 00 00 ... -> Status=1
2026-02-01 22:04:37.167 [LOG ] [CMD ] GetVacMode                | CDB: C4 00 00 00 04 00    | DATA: [Empty]                        -> Status=0
2026-02-01 22:04:37.171 [LOG ] [RES ] GetVacMode                | CDB: C4 00 00 00 04 00    | DATA: 00 00 00 00 04 00 40 B7 00 00 00 00 00 00 00 00 ... -> Status=1
2026-02-01 22:04:37.269 [LOG ] [CMD ] GetEsitfExt               | CDB: CE 03 00 00 04 00    | DATA: [Empty]                        -> Status=0
2026-02-01 22:04:37.270 [LOG ] [RES ] GetEsitfExt               | CDB: CE 03 00 00 04 00    | DATA: 00 00 00 00 04 00 40 B7 00 00 00 00 00 00 00 00 ... -> Status=1
2026-02-01 22:04:37.355 [LOG ] [CMD ] GetOLWobb                 | CDB: C8 37 00 00 04 00    | DATA: [Empty]                        -> Status=0
2026-02-01 22:04:37.356 [LOG ] [RES ] GetOLWobb                 | CDB: C8 37 00 00 04 00    | DATA: 00 00 00 00 04 00 40 B7 00 00 00 00 00 00 00 00 ... -> Status=1
2026-02-01 22:04:37.439 [INFO] [CMD ] LegacyPassthrough_C3      | CDB: C3 00 00 00 02 00    | DATA: [Empty]                        -> Status=0
2026-02-01 22:04:37.441 [INFO] [RES ] LegacyPassthrough_C3      | CDB: C3 00 00 00 02 00    | DATA: 00 00 00 00 00 01 00 00 00 00 00 00 00 00 00 00 ... -> Status=1
2026-02-01 22:04:37.526 [INFO] [CMD ] LegacyPassthrough_C3      | CDB: C3 00 00 00 02 00    | DATA: [Empty]                        -> Status=0
2026-02-01 22:04:37.527 [INFO] [RES ] LegacyPassthrough_C3      | CDB: C3 00 00 00 02 00    | DATA: 00 00 00 00 00 01 00 00 00 00 00 00 00 00 00 00 ... -> Status=1
2026-02-01 22:04:37.616 [INFO] [CMD ] LegacyPassthrough_C3      | CDB: C3 00 00 00 02 00    | DATA: [Empty]                        -> Status=0
2026-02-01 22:04:37.618 [INFO] [RES ] LegacyPassthrough_C3      | CDB: C3 00 00 00 02 00    | DATA: 00 00 00 00 00 01 00 00 00 00 00 00 00 00 00 00 ... -> Status=1
2026-02-01 22:04:37.699 [INFO] [CMD ] LegacyPassthrough_C3      | CDB: C3 00 00 00 02 00    | DATA: [Empty]                        -> Status=0
2026-02-01 22:04:37.702 [INFO] [RES ] LegacyPassthrough_C3      | CDB: C3 00 00 00 02 00    | DATA: 00 00 00 00 00 00 00 00 00 00 00 00 00 00 00 00 ... -> Status=1
2026-02-01 22:04:37.784 [LOG ] [CMD ] Generic10_Wrapper         | CDB: FA 00 00 00 00 00 00 00 06 00 | DATA: [Empty]                        -> Status=0
2026-02-01 22:04:37.788 [LOG ] [RES ] FA_Response               | CDB: FA 00 00 00 00 00 00 00 06 00 | DATA: 00 00 00 00 00 00 00 00 00 00 00 00 00 00 00 00 ... -> Status=1
2026-02-01 22:04:37.873 [INFO] [CMD ] LegacyPassthrough_C2      | CDB: C2 01 00 00 00 00    | DATA: [Empty]                        -> Status=0
2026-02-01 22:04:37.875 [INFO] [RES ] LegacyPassthrough_C2      | CDB: C2 01 00 00 00 00    | DATA: 00 00 00 00 00 00 00 00 00 00 00 00 00 00 00 00 ... -> Status=1
2026-02-01 22:04:37.960 [LOG ] [CMD ] Generic10_Wrapper         | CDB: FA 00 00 00 00 00 00 00 06 00 | DATA: [Empty]                        -> Status=0
2026-02-01 22:04:37.962 [LOG ] [RES ] FA_Response               | CDB: FA 00 00 00 00 00 00 00 06 00 | DATA: 00 00 00 00 00 01 00 00 00 00 00 00 00 00 00 00 ... -> Status=1
2026-02-01 22:04:38.047 [INFO] [CMD ] LegacyPassthrough_C3      | CDB: C3 00 00 00 04 00    | DATA: [Empty]                        -> Status=0
2026-02-01 22:04:38.050 [INFO] [RES ] LegacyPassthrough_C3      | CDB: C3 00 00 00 04 00    | DATA: 00 00 00 00 00 01 00 00 00 00 00 00 00 00 00 00 ... -> Status=1
2026-02-01 22:04:38.133 [INFO] [CMD ] LegacyPassthrough_C2      | CDB: C2 00 00 00 01 00    | DATA: [Empty]                        -> Status=0
2026-02-01 22:04:38.286 [INFO] [RES ] LegacyPassthrough_C2      | CDB: C2 00 00 00 01 00    | DATA: 00 00 00 00 00 00 00 00 00 00 00 00 00 00 00 00 ... -> Status=1
2026-02-01 22:04:38.329 [LOG ] [CMD ] GetIMS                    | CDB: C8 82 00 00 04 00    | DATA: [Empty]                        -> Status=0
2026-02-01 22:04:38.330 [LOG ] [RES ] GetIMS                    | CDB: C8 82 00 00 04 00    | DATA: 00 82 00 00 04 00 40 B7 00 00 00 00 00 00 00 00 ... -> Status=1
2026-02-01 22:04:38.414 [LOG ] [CMD ] GetIMS                    | CDB: C8 82 00 00 04 00    | DATA: [Empty]                        -> Status=0
2026-02-01 22:04:38.415 [LOG ] [RES ] GetIMS                    | CDB: C8 82 00 00 04 00    | DATA: 00 82 00 00 04 00 40 B7 00 00 00 00 00 00 00 00 ... -> Status=1
2026-02-01 22:04:38.500 [LOG ] [CMD ] Generic10_Wrapper         | CDB: FA 00 00 00 00 00 00 00 06 00 | DATA: [Empty]                        -> Status=0
2026-02-01 22:04:38.501 [LOG ] [RES ] FA_Response               | CDB: FA 00 00 00 00 00 00 00 06 00 | DATA: 00 00 00 00 00 01 00 00 00 00 00 00 00 00 00 00 ... -> Status=1
2026-02-01 22:04:38.584 [LOG ] [CMD ] Generic10_Wrapper         | CDB: FA 00 00 00 00 00 00 00 06 00 | DATA: [Empty]                        -> Status=0
2026-02-01 22:04:38.586 [LOG ] [RES ] FA_Response               | CDB: FA 00 00 00 00 00 00 00 06 00 | DATA: 00 00 00 00 00 01 00 00 00 00 00 00 00 00 00 00 ... -> Status=1
2026-02-01 22:04:38.670 [LOG ] [CMD ] GetIMS                    | CDB: C8 82 00 00 04 00    | DATA: [Empty]                        -> Status=0
2026-02-01 22:04:38.671 [LOG ] [RES ] GetIMS                    | CDB: C8 82 00 00 04 00    | DATA: 00 82 00 00 04 00 40 B7 00 00 00 00 00 00 00 00 ... -> Status=1
2026-02-01 22:04:38.755 [LOG ] [CMD ] GetIMS                    | CDB: C8 82 00 00 04 00    | DATA: [Empty]                        -> Status=0
2026-02-01 22:04:38.756 [LOG ] [RES ] GetIMS                    | CDB: C8 82 00 00 04 00    | DATA: 00 82 00 00 04 00 40 B7 00 00 00 00 00 00 00 00 ... -> Status=1
2026-02-01 22:04:38.843 [LOG ] [CMD ] GetIMS                    | CDB: C8 82 00 00 04 00    | DATA: [Empty]                        -> Status=0
2026-02-01 22:04:38.845 [LOG ] [RES ] GetIMS                    | CDB: C8 82 00 00 04 00    | DATA: 00 82 00 00 04 00 40 B7 00 00 00 00 00 00 00 00 ... -> Status=1
2026-02-01 22:04:38.931 [LOG ] [CMD ] WriteLUT                  | CDB: E0 00 00 00 00 00 00 00 00 00 | DATA: [Empty]                        -> Status=0
2026-02-01 22:04:39.001 [LOG ] [RES ] WriteLUT                  | CDB: E0 00 00 00 00 00 00 00 00 00 | DATA: 00 00 00 00 00 01 00 00 00 00 00 00 00 00 00 00 ... -> Status=1
2026-02-01 22:04:39.044 [LOG ] [CMD ] WriteLUT                  | CDB: E0 00 01 00 00 00 00 00 00 00 | DATA: [Empty]                        -> Status=0
2026-02-01 22:04:39.115 [LOG ] [RES ] WriteLUT                  | CDB: E0 00 01 00 00 00 00 00 00 00 | DATA: 00 00 00 00 00 01 00 00 00 00 00 00 00 00 00 00 ... -> Status=1
2026-02-01 22:04:39.159 [INFO] [CMD ] LegacyPassthrough_C3      | CDB: C3 00 00 00 02 00    | DATA: [Empty]                        -> Status=0
2026-02-01 22:04:39.160 [INFO] [RES ] LegacyPassthrough_C3      | CDB: C3 00 00 00 02 00    | DATA: 00 00 00 00 00 01 00 00 00 00 00 00 00 00 00 00 ... -> Status=1
2026-02-01 22:04:39.245 [INFO] [CMD ] LegacyPassthrough_C3      | CDB: C3 00 00 00 02 00    | DATA: [Empty]                        -> Status=0
2026-02-01 22:04:39.246 [INFO] [RES ] LegacyPassthrough_C3      | CDB: C3 00 00 00 02 00    | DATA: 00 00 00 00 00 01 00 00 00 00 00 00 00 00 00 00 ... -> Status=1
2026-02-01 22:04:39.330 [INFO] [CMD ] LegacyPassthrough_C3      | CDB: C3 00 00 00 02 00    | DATA: [Empty]                        -> Status=0
2026-02-01 22:04:39.331 [INFO] [RES ] LegacyPassthrough_C3      | CDB: C3 00 00 00 02 00    | DATA: 00 00 00 00 00 01 00 00 00 00 00 00 00 00 00 00 ... -> Status=1
2026-02-01 22:04:39.413 [INFO] [CMD ] LegacyPassthrough_C3      | CDB: C3 00 00 00 02 00    | DATA: [Empty]                        -> Status=0
2026-02-01 22:04:39.415 [INFO] [RES ] LegacyPassthrough_C3      | CDB: C3 00 00 00 02 00    | DATA: 00 00 00 00 00 01 00 00 00 00 00 00 00 00 00 00 ... -> Status=1
2026-02-01 22:04:39.543 [LOG ] [CMD ] GetBeamBlank              | CDB: C8 24 00 00 04 00    | DATA: [Empty]                        -> Status=0
2026-02-01 22:04:39.545 [LOG ] [RES ] GetBeamBlank              | CDB: C8 24 00 00 04 00    | DATA: 00 24 00 00 04 00 40 B7 00 00 00 00 00 00 00 00 ... -> Status=1
2026-02-01 22:10:31.948 [LOG ] [CMD ] GetEsitfExt               | CDB: CE 03 00 00 04 00    | DATA: [Empty]                        -> Status=0
2026-02-01 22:10:31.949 [LOG ] [RES ] GetEsitfExt               | CDB: CE 03 00 00 04 00    | DATA: 00 00 00 00 04 00 40 B7 00 00 00 00 00 00 00 00 ... -> Status=1
2026-02-01 22:10:31.991 [LOG ] [CMD ] GetHTStatus               | CDB: C6 10 00 00 04 00    | DATA: [Empty]                        -> Status=0
2026-02-01 22:10:31.992 [LOG ] [RES ] GetHTStatus               | CDB: C6 10 00 00 04 00    | DATA: 00 00 00 00 04 00 40 B7 00 00 00 00 00 00 00 00 ... -> Status=1
2026-02-01 22:10:33.453 [INFO] [EVT] Session Ended
